<?xml version="1.0" encoding="UTF-8"?>
<!-- Generated by org.testng.reporters.JUnitReportReporter -->
<testsuite hostname="LIN24007907" failures="0" tests="2" name="com.w2a.testcases.OpenAccountTest" time="0.000" errors="0" timestamp="08 Sep 2022 13:54:31 GMT" skipped="2">
  <testcase classname="com.w2a.testcases.OpenAccountTest" name="verifyOpenAccount" time="0.000">
    <skipped/>
  </testcase> <!-- verifyOpenAccount -->
  <testcase classname="com.w2a.testcases.OpenAccountTest" name="verifyOpenAccount" time="0.000">
    <skipped/>
  </testcase> <!-- verifyOpenAccount -->
</testsuite> <!-- com.w2a.testcases.OpenAccountTest -->
