<?xml version="1.0" encoding="UTF-8"?>
<!-- Generated by org.testng.reporters.JUnitReportReporter -->
<testsuite hostname="LIN24007907" failures="0" tests="2" name="com.w2a.testcases.AddCustomerTest" time="0.633" errors="0" timestamp="2022-09-10T17:53:52 IST" skipped="0">
  <testcase classname="com.w2a.testcases.AddCustomerTest" name="addCustomer" time="0.384"/>
  <system-out/>
  <testcase classname="com.w2a.testcases.AddCustomerTest" name="addCustomer" time="0.249"/>
  <system-out/>
</testsuite> <!-- com.w2a.testcases.AddCustomerTest -->
