<?xml version="1.0" encoding="UTF-8"?>
<!-- Generated by org.testng.reporters.JUnitReportReporter -->
<testsuite hostname="LIN24007907" failures="0" tests="1" name="com.w2a.testcases.BankManagerLoginTest" time="0.119" errors="0" timestamp="2022-09-10T17:53:52 IST" skipped="0">
  <testcase classname="com.w2a.testcases.BankManagerLoginTest" name="loginAsBankManager" time="0.119"/>
  <system-out/>
</testsuite> <!-- com.w2a.testcases.BankManagerLoginTest -->
